<?xml version="1.0" encoding="UTF-8"?>
<!-- Generated by org.testng.reporters.JUnitXMLReporter -->
<testsuite ignored="0" hostname="LAPTOP-B73T7O77" failures="2" tests="4" name="Flights" time="0.07" errors="0" timestamp="2020-05-25T17:36:53 EDT">
  <testcase classname="package1.TestListener" name="test1" time="0.014">
    <failure type="java.lang.AssertionError" message="expected [true] but found [false]">
      <![CDATA[java.lang.AssertionError: expected [true] but found [false]
at package1.TestListener.test1(TestListener.java:10)
at java.base/java.util.ArrayList.forEach(ArrayList.java:1510)
... Removed 31 stack frames]]>
    </failure>
  </testcase> <!-- test1 -->
  <testcase classname="package1.TestListener" name="test2" time="0.001"/>
  <testcase classname="package1.TestListener" name="test3" time="0.002"/>
  <testcase classname="package1.TestListener" name="test4" time="0.001">
    <failure type="java.lang.AssertionError" message="expected [true] but found [false]">
      <![CDATA[java.lang.AssertionError: expected [true] but found [false]
at package1.TestListener.test4(TestListener.java:22)
at java.base/java.util.ArrayList.forEach(ArrayList.java:1510)
... Removed 31 stack frames]]>
    </failure>
  </testcase> <!-- test4 -->
</testsuite> <!-- Flights -->
