<?xml version="1.0" encoding="UTF-8"?>
<!-- Generated by org.testng.reporters.JUnitXMLReporter -->
<testsuite ignored="3" hostname="LAPTOP-B73T7O77" failures="0" tests="2" name="Sales" time="0.038" errors="0" timestamp="2020-05-20T18:01:47 EDT">
  <testcase classname="Package2.TestNgMobile" name="ApiTesting1" time="0.007"/>
  <testcase classname="Package2.TestNgMobile" name="ApiTesting2" time="0.001"/>
  <testcase classname="intro.TestNGTesting" name="AbcTest2" time="0.0">
    <ignored/>
  </testcase> <!-- AbcTest2 -->
  <testcase classname="intro.TestNGTesting" name="AbcTest1" time="0.0">
    <ignored/>
  </testcase> <!-- AbcTest1 -->
  <testcase classname="intro.TestNGTesting" name="AbcTest3" time="0.0">
    <ignored/>
  </testcase> <!-- AbcTest3 -->
</testsuite> <!-- Sales -->
