<?xml version="1.0" encoding="UTF-8"?>
<testng-results skipped="0" failed="0" ignored="0" total="1" passed="1">
  <reporter-output>
  </reporter-output>
  <suite name="Default suite" duration-ms="8359" started-at="2020-09-26T13:05:03 EDT" finished-at="2020-09-26T13:05:12 EDT">
    <groups>
    </groups>
    <test name="Default test" duration-ms="8359" started-at="2020-09-26T13:05:03 EDT" finished-at="2020-09-26T13:05:12 EDT">
      <class name="lesson22.ChildWindows2">
        <test-method status="PASS" signature="beforeClass()[pri:0, instance:lesson22.ChildWindows2@79be0360]" name="beforeClass" is-config="true" duration-ms="3695" started-at="2020-09-26T13:05:03 EDT" finished-at="2020-09-26T13:05:07 EDT">
          <reporter-output>
          </reporter-output>
        </test-method> <!-- beforeClass -->
        <test-method status="PASS" signature="childWinTest()[pri:0, instance:lesson22.ChildWindows2@79be0360]" name="childWinTest" duration-ms="4637" started-at="2020-09-26T13:05:07 EDT" finished-at="2020-09-26T13:05:12 EDT">
          <reporter-output>
          </reporter-output>
        </test-method> <!-- childWinTest -->
        <test-method status="PASS" signature="aftherClass()[pri:0, instance:lesson22.ChildWindows2@79be0360]" name="aftherClass" is-config="true" duration-ms="0" started-at="2020-09-26T13:05:12 EDT" finished-at="2020-09-26T13:05:12 EDT">
          <reporter-output>
          </reporter-output>
        </test-method> <!-- aftherClass -->
      </class> <!-- lesson22.ChildWindows2 -->
    </test> <!-- Default test -->
  </suite> <!-- Default suite -->
</testng-results>
